<?xml version="1.0" encoding="UTF-8"?>
<!-- Generated by org.testng.reporters.JUnitReportReporter -->
<testsuite skipped="0" hostname="DESKTOP-FLV7KC1" name="com.crm.qa.testcases.LoginPageTest" tests="4" failures="0" timestamp="2020-02-16T19:33:56 IST" time="110.860" errors="0">
  <testcase name="LoginPageTitle" time="22.812" classname="com.crm.qa.testcases.LoginPageTest"/>
  <testcase name="SignUpLinkTest" time="29.357" classname="com.crm.qa.testcases.LoginPageTest"/>
  <testcase name="ForgotPasswordLinkTest" time="27.108" classname="com.crm.qa.testcases.LoginPageTest"/>
  <testcase name="LoginTest" time="31.583" classname="com.crm.qa.testcases.LoginPageTest"/>
</testsuite> <!-- com.crm.qa.testcases.LoginPageTest -->
