<?xml version="1.0" encoding="UTF-8"?>
<!-- Generated by org.testng.reporters.JUnitReportReporter -->
<testsuite skipped="0" hostname="DESKTOP-FLV7KC1" name="com.crm.qa.testcases.WelcomePageTest" tests="4" failures="0" timestamp="2020-02-16T19:33:56 IST" time="83.927" errors="0">
  <testcase name="VerifyLoginBtnTest" time="22.978" classname="com.crm.qa.testcases.WelcomePageTest"/>
  <testcase name="VerifySignUpBtnTest" time="23.458" classname="com.crm.qa.testcases.WelcomePageTest"/>
  <testcase name="VerifyWelcomePageTitle" time="18.694" classname="com.crm.qa.testcases.WelcomePageTest"/>
  <testcase name="VerifyLogoPresent" time="18.797" classname="com.crm.qa.testcases.WelcomePageTest"/>
</testsuite> <!-- com.crm.qa.testcases.WelcomePageTest -->
