<?xml version="1.0" encoding="UTF-8"?>
<!-- Generated by org.testng.reporters.JUnitReportReporter -->
<testsuite skipped="0" hostname="DESKTOP-FLV7KC1" name="com.crm.qa.testcases.CreateNewContactsPageTest" tests="4" failures="0" timestamp="2020-02-17T00:09:45 IST" time="128.782" errors="0">
  <testcase name="VerifyCreateNewContactFunctionality" time="33.273" classname="com.crm.qa.testcases.CreateNewContactsPageTest"/>
  <testcase name="VerifyCreateNewContactFunctionality" time="30.849" classname="com.crm.qa.testcases.CreateNewContactsPageTest"/>
  <testcase name="VerifyCreateNewContactFunctionality" time="31.740" classname="com.crm.qa.testcases.CreateNewContactsPageTest"/>
  <testcase name="VerifyCreateNewContactFunctionality" time="32.920" classname="com.crm.qa.testcases.CreateNewContactsPageTest"/>
</testsuite> <!-- com.crm.qa.testcases.CreateNewContactsPageTest -->
