<?xml version="1.0" encoding="UTF-8"?>
<!-- Generated by org.testng.reporters.JUnitReportReporter -->
<testsuite skipped="0" hostname="DESKTOP-FLV7KC1" name="com.crm.qa.testcases.ContactsPageTest" tests="1" failures="0" timestamp="2020-02-17T00:12:52 IST" time="34.826" errors="0">
  <testcase name="VerifyCreateNewContactbtn" time="34.826" classname="com.crm.qa.testcases.ContactsPageTest"/>
</testsuite> <!-- com.crm.qa.testcases.ContactsPageTest -->
